2020-01-28 14:26:04.555  INFO 22176 --- [restartedMain] ar.gob.gcba.m4InspecAux.InspecMeta4App   : Starting InspecMeta4App on TABCONRH05 with PID 22176 (C:\Users\tabconrh05\Desktop\prueba\m4InspecpPrueba\target\classes started by tabconrh05 in C:\Users\tabconrh05\Desktop\prueba\m4InspecpPrueba)
2020-01-28 14:26:04.564  INFO 22176 --- [restartedMain] ar.gob.gcba.m4InspecAux.InspecMeta4App   : No active profile set, falling back to default profiles: default
2020-01-28 14:26:04.619  INFO 22176 --- [restartedMain] .e.DevToolsPropertyDefaultsPostProcessor : Devtools property defaults active! Set 'spring.devtools.add-properties' to 'false' to disable
2020-01-28 14:26:04.619  INFO 22176 --- [restartedMain] .e.DevToolsPropertyDefaultsPostProcessor : For additional web related logging consider setting the 'logging.level.web' property to 'DEBUG'
2020-01-28 14:26:07.268  INFO 22176 --- [restartedMain] trationDelegate$BeanPostProcessorChecker : Bean 'org.springframework.transaction.annotation.ProxyTransactionManagementConfiguration' of type [org.springframework.transaction.annotation.ProxyTransactionManagementConfiguration$$EnhancerBySpringCGLIB$$540a6a0d] is not eligible for getting processed by all BeanPostProcessors (for example: not eligible for auto-proxying)
2020-01-28 14:26:08.559  INFO 22176 --- [restartedMain] o.s.b.w.embedded.tomcat.TomcatWebServer  : Tomcat initialized with port(s): 8095 (http)
2020-01-28 14:26:08.589  INFO 22176 --- [restartedMain] o.apache.catalina.core.StandardService   : Starting service [Tomcat]
2020-01-28 14:26:08.590  INFO 22176 --- [restartedMain] org.apache.catalina.core.StandardEngine  : Starting Servlet engine: [Apache Tomcat/9.0.17]
2020-01-28 14:26:08.755  INFO 22176 --- [restartedMain] o.a.c.c.C.[Tomcat].[localhost].[/]       : Initializing Spring embedded WebApplicationContext
2020-01-28 14:26:08.755  INFO 22176 --- [restartedMain] o.s.web.context.ContextLoader            : Root WebApplicationContext: initialization completed in 4136 ms
2020-01-28 14:26:09.525  INFO 22176 --- [restartedMain] com.zaxxer.hikari.HikariDataSource       : HikariPool-1 - Starting...
2020-01-28 14:26:10.571  INFO 22176 --- [restartedMain] com.zaxxer.hikari.HikariDataSource       : HikariPool-1 - Start completed.
2020-01-28 14:26:10.643  INFO 22176 --- [restartedMain] o.hibernate.jpa.internal.util.LogHelper  : HHH000204: Processing PersistenceUnitInfo [
	name: default
	...]
2020-01-28 14:26:10.757  INFO 22176 --- [restartedMain] org.hibernate.Version                    : HHH000412: Hibernate Core {5.3.9.Final}
2020-01-28 14:26:10.759  INFO 22176 --- [restartedMain] org.hibernate.cfg.Environment            : HHH000206: hibernate.properties not found
2020-01-28 14:26:11.015  INFO 22176 --- [restartedMain] o.hibernate.annotations.common.Version   : HCANN000001: Hibernate Commons Annotations {5.0.4.Final}
2020-01-28 14:26:11.227  INFO 22176 --- [restartedMain] org.hibernate.dialect.Dialect            : HHH000400: Using dialect: org.hibernate.dialect.Oracle12cDialect
2020-01-28 14:26:11.443  INFO 22176 --- [restartedMain] org.hibernate.type.BasicTypeRegistry     : HHH000270: Type registration [byte[]] overrides previous : org.hibernate.type.BinaryType@2e3b9f33
2020-01-28 14:26:11.444  INFO 22176 --- [restartedMain] org.hibernate.type.BasicTypeRegistry     : HHH000270: Type registration [[B] overrides previous : org.hibernate.type.BinaryType@2e3b9f33
2020-01-28 14:26:11.445  INFO 22176 --- [restartedMain] org.hibernate.type.BasicTypeRegistry     : HHH000270: Type registration [Byte[]] overrides previous : org.hibernate.type.WrapperBinaryType@69b8300c
2020-01-28 14:26:11.445  INFO 22176 --- [restartedMain] org.hibernate.type.BasicTypeRegistry     : HHH000270: Type registration [[Ljava.lang.Byte;] overrides previous : org.hibernate.type.WrapperBinaryType@69b8300c
2020-01-28 14:26:11.707  INFO 22176 --- [restartedMain] j.LocalContainerEntityManagerFactoryBean : Initialized JPA EntityManagerFactory for persistence unit 'default'
2020-01-28 14:26:12.121  WARN 22176 --- [restartedMain] aWebConfiguration$JpaWebMvcConfiguration : spring.jpa.open-in-view is enabled by default. Therefore, database queries may be performed during view rendering. Explicitly configure spring.jpa.open-in-view to disable this warning
2020-01-28 14:26:12.314  INFO 22176 --- [restartedMain] o.s.b.a.e.web.EndpointLinksResolver      : Exposing 5 endpoint(s) beneath base path '/actuator'
2020-01-28 14:26:12.621  INFO 22176 --- [restartedMain] pertySourcedRequestMappingHandlerMapping : Mapped URL path [/v2/api-docs] onto method [public org.springframework.http.ResponseEntity<springfox.documentation.spring.web.json.Json> springfox.documentation.swagger2.web.Swagger2Controller.getDocumentation(java.lang.String,javax.servlet.http.HttpServletRequest)]
2020-01-28 14:26:12.868  INFO 22176 --- [restartedMain] o.s.s.concurrent.ThreadPoolTaskExecutor  : Initializing ExecutorService 'applicationTaskExecutor'
2020-01-28 14:26:12.905  INFO 22176 --- [restartedMain] o.s.b.d.a.OptionalLiveReloadServer       : LiveReload server is running on port 35729
2020-01-28 14:26:12.998  INFO 22176 --- [restartedMain] o.s.b.a.w.s.WelcomePageHandlerMapping    : Adding welcome page: class path resource [static/index.html]
2020-01-28 14:26:13.381  INFO 22176 --- [restartedMain] d.s.w.p.DocumentationPluginsBootstrapper : Context refreshed
2020-01-28 14:26:13.416  INFO 22176 --- [restartedMain] d.s.w.p.DocumentationPluginsBootstrapper : Found 1 custom documentation plugin(s)
2020-01-28 14:26:13.465  INFO 22176 --- [restartedMain] s.d.s.w.s.ApiListingReferenceScanner     : Scanning for api listing references
2020-01-28 14:26:13.876  INFO 22176 --- [restartedMain] o.s.b.w.embedded.tomcat.TomcatWebServer  : Tomcat started on port(s): 8095 (http) with context path ''
2020-01-28 14:26:13.878  INFO 22176 --- [restartedMain] ar.gob.gcba.m4InspecAux.InspecMeta4App   : Started InspecMeta4App in 9.894 seconds (JVM running for 10.428)
2020-01-28 14:26:13.894  INFO 22176 --- [restartedMain] ar.gob.gcba.m4InspecAux.InspecMeta4App   : m4-inspec-service INSPEC Application running...
2020-01-28 14:26:14.016  INFO 22176 --- [http-nio-8095-exec-10] o.a.c.c.C.[Tomcat].[localhost].[/]       : Initializing Spring DispatcherServlet 'dispatcherServlet'
2020-01-28 14:26:14.016  INFO 22176 --- [http-nio-8095-exec-10] o.s.web.servlet.DispatcherServlet        : Initializing Servlet 'dispatcherServlet'
2020-01-28 14:26:14.027  INFO 22176 --- [http-nio-8095-exec-10] o.s.web.servlet.DispatcherServlet        : Completed initialization in 11 ms
